Note that 'racs-eb' is DEPRECATED. You can continue to use it but are
encouraged to migrate off when you can. There will be no further updates in
this module tree. Note that 'racs-eb' is DEPRECATED. You can continue to use it but are
encouraged to migrate off when you can. There will be no further updates in
this module tree. 


Lmod is automatically replacing "gcc/7.3" with "racs-eb/1".


Lmod is automatically replacing "gcc/7.3" with "racs-eb/1".

Note that 'racs-eb' is DEPRECATED. You can continue to use it but are
encouraged to migrate off when you can. There will be no further updates in
this module tree. 
Note that 'racs-eb' is DEPRECATED. You can continue to use it but are
encouraged to migrate off when you can. There will be no further updates in
this module tree. 
Note that 'racs-eb' is DEPRECATED. You can continue to use it but are
encouraged to migrate off when you can. There will be no further updates in
this module tree. 
Note that 'racs-eb' is DEPRECATED. You can continue to use it but are
encouraged to migrate off when you can. There will be no further updates in
this module tree. Note that 'racs-eb' is DEPRECATED. You can continue to use it but are
encouraged to migrate off when you can. There will be no further updates in
this module tree. 

Lmod is automatically replacing "gcc/7.3" with "racs-eb/1".



Lmod is automatically replacing "gcc/7.3" with "racs-eb/1".


Lmod is automatically replacing "gcc/7.3" with "racs-eb/1".

Note that 'racs-eb' is DEPRECATED. You can continue to use it but are
encouraged to migrate off when you can. There will be no further updates in
this module tree. 
Note that 'racs-eb' is DEPRECATED. You can continue to use it but are
encouraged to migrate off when you can. There will be no further updates in
this module tree. 
Note that 'racs-eb' is DEPRECATED. You can continue to use it but are
encouraged to migrate off when you can. There will be no further updates in
this module tree. 
Note that 'racs-eb' is DEPRECATED. You can continue to use it but are
encouraged to migrate off when you can. There will be no further updates in
this module tree. 

Lmod is automatically replacing "gcc/7.3" with "racs-eb/1".

Note that 'racs-eb' is DEPRECATED. You can continue to use it but are
encouraged to migrate off when you can. There will be no further updates in
this module tree. Note that 'racs-eb' is DEPRECATED. You can continue to use it but are
encouraged to migrate off when you can. There will be no further updates in
this module tree. 

Note that 'racs-eb' is DEPRECATED. You can continue to use it but are
encouraged to migrate off when you can. There will be no further updates in
this module tree. 

Lmod is automatically replacing "gcc/7.3" with "racs-eb/1".


Lmod is automatically replacing "gcc/7.3" with "racs-eb/1".


Lmod is automatically replacing "gcc/7.3" with "racs-eb/1".

Note that 'racs-eb' is DEPRECATED. You can continue to use it but are
encouraged to migrate off when you can. There will be no further updates in
this module tree. Note that 'racs-eb' is DEPRECATED. You can continue to use it but are
encouraged to migrate off when you can. There will be no further updates in
this module tree. 
Note that 'racs-eb' is DEPRECATED. You can continue to use it but are
encouraged to migrate off when you can. There will be no further updates in
this module tree. 


Lmod is automatically replacing "gcc/7.3" with "racs-eb/1".


Lmod is automatically replacing "gcc/7.3" with "racs-eb/1".

Lmod is automatically replacing "gcc/7.3" with "racs-eb/1".


Note that 'racs-eb' is DEPRECATED. You can continue to use it but are
encouraged to migrate off when you can. There will be no further updates in
this module tree. Note that 'racs-eb' is DEPRECATED. You can continue to use it but are
encouraged to migrate off when you can. There will be no further updates in
this module tree. 
Note that 'racs-eb' is DEPRECATED. You can continue to use it but are
encouraged to migrate off when you can. There will be no further updates in
this module tree. Note that 'racs-eb' is DEPRECATED. You can continue to use it but are
encouraged to migrate off when you can. There will be no further updates in
this module tree. 

Note that 'racs-eb' is DEPRECATED. You can continue to use it but are
encouraged to migrate off when you can. There will be no further updates in
this module tree. Note that 'racs-eb' is DEPRECATED. You can continue to use it but are
encouraged to migrate off when you can. There will be no further updates in
this module tree. 
Note that 'racs-eb' is DEPRECATED. You can continue to use it but are
encouraged to migrate off when you can. There will be no further updates in
this module tree. Note that 'racs-eb' is DEPRECATED. You can continue to use it but are
encouraged to migrate off when you can. There will be no further updates in
this module tree. Note that 'racs-eb' is DEPRECATED. You can continue to use it but are
encouraged to migrate off when you can. There will be no further updates in
this module tree. 

Note that 'racs-eb' is DEPRECATED. You can continue to use it but are
encouraged to migrate off when you can. There will be no further updates in
this module tree. 


Lmod is automatically replacing "gcc/7.3" with "racs-eb/1".

Note that 'racs-eb' is DEPRECATED. You can continue to use it but are
encouraged to migrate off when you can. There will be no further updates in
this module tree. 
Lmod is automatically replacing "gcc/7.3" with "racs-eb/1".

Note that 'racs-eb' is DEPRECATED. You can continue to use it but are
encouraged to migrate off when you can. There will be no further updates in
this module tree. 

Note that 'racs-eb' is DEPRECATED. You can continue to use it but are
encouraged to migrate off when you can. There will be no further updates in
this module tree. 


Lmod is automatically replacing "gcc/7.3" with "racs-eb/1".


Lmod is automatically replacing "gcc/7.3" with "racs-eb/1".


Lmod is automatically replacing "gcc/7.3" with "racs-eb/1".

Note that 'racs-eb' is DEPRECATED. You can continue to use it but are
encouraged to migrate off when you can. There will be no further updates in
this module tree. 
Lmod is automatically replacing "gcc/7.3" with "racs-eb/1".


Note that 'racs-eb' is DEPRECATED. You can continue to use it but are
encouraged to migrate off when you can. There will be no further updates in
this module tree. 

Note that 'racs-eb' is DEPRECATED. You can continue to use it but are
encouraged to migrate off when you can. There will be no further updates in
this module tree. 
Note that 'racs-eb' is DEPRECATED. You can continue to use it but are
encouraged to migrate off when you can. There will be no further updates in
this module tree. 
Note that 'racs-eb' is DEPRECATED. You can continue to use it but are
encouraged to migrate off when you can. There will be no further updates in
this module tree. 
Note that 'racs-eb' is DEPRECATED. You can continue to use it but are
encouraged to migrate off when you can. There will be no further updates in
this module tree. 
Note that 'racs-eb' is DEPRECATED. You can continue to use it but are
encouraged to migrate off when you can. There will be no further updates in
this module tree. Note that 'racs-eb' is DEPRECATED. You can continue to use it but are
encouraged to migrate off when you can. There will be no further updates in
this module tree. 
Note that 'racs-eb' is DEPRECATED. You can continue to use it but are
encouraged to migrate off when you can. There will be no further updates in
this module tree. 

Note that 'racs-eb' is DEPRECATED. You can continue to use it but are
encouraged to migrate off when you can. There will be no further updates in
this module tree. 
Note that 'racs-eb' is DEPRECATED. You can continue to use it but are
encouraged to migrate off when you can. There will be no further updates in
this module tree. 
Note that 'racs-eb' is DEPRECATED. You can continue to use it but are
encouraged to migrate off when you can. There will be no further updates in
this module tree. Note that 'racs-eb' is DEPRECATED. You can continue to use it but are
encouraged to migrate off when you can. There will be no further updates in
this module tree. 

Note that 'racs-eb' is DEPRECATED. You can continue to use it but are
encouraged to migrate off when you can. There will be no further updates in
this module tree. 
Note that 'racs-eb' is DEPRECATED. You can continue to use it but are
encouraged to migrate off when you can. There will be no further updates in
this module tree. 
Note that 'racs-eb' is DEPRECATED. You can continue to use it but are
encouraged to migrate off when you can. There will be no further updates in
this module tree. Note that 'racs-eb' is DEPRECATED. You can continue to use it but are
encouraged to migrate off when you can. There will be no further updates in
this module tree. 

Note that 'racs-eb' is DEPRECATED. You can continue to use it but are
encouraged to migrate off when you can. There will be no further updates in
this module tree. Note that 'racs-eb' is DEPRECATED. You can continue to use it but are
encouraged to migrate off when you can. There will be no further updates in
this module tree. Note that 'racs-eb' is DEPRECATED. You can continue to use it but are
encouraged to migrate off when you can. There will be no further updates in
this module tree. 


Note that 'racs-eb' is DEPRECATED. You can continue to use it but are
encouraged to migrate off when you can. There will be no further updates in
this module tree. 
Note that 'racs-eb' is DEPRECATED. You can continue to use it but are
encouraged to migrate off when you can. There will be no further updates in
this module tree. 
Note that 'racs-eb' is DEPRECATED. You can continue to use it but are
encouraged to migrate off when you can. There will be no further updates in
this module tree. 
Note that 'racs-eb' is DEPRECATED. You can continue to use it but are
encouraged to migrate off when you can. There will be no further updates in
this module tree. 
/home/abutler9/ailab/environments/mdiabetes/lib/python3.7/site-packages/torchvision/io/image.py:13: UserWarning: Failed to load image Python extension: /gpfs/projects/ailab/abutler9/environments/mdiabetes/lib/python3.7/site-packages/torchvision/image.so: undefined symbol: _ZN5torch3jit17parseSchemaOrNameERKNSt7__cxx1112basic_stringIcSt11char_traitsIcESaIcEEE
  warn(f"Failed to load image Python extension: {e}")
/home/abutler9/ailab/environments/mdiabetes/lib/python3.7/site-packages/torch/nn/functional.py:1944: UserWarning: nn.functional.sigmoid is deprecated. Use torch.sigmoid instead.
  warnings.warn("nn.functional.sigmoid is deprecated. Use torch.sigmoid instead.")
/home/abutler9/ailab/environments/mdiabetes/lib/python3.7/site-packages/torchvision/io/image.py:13: UserWarning: Failed to load image Python extension: /gpfs/projects/ailab/abutler9/environments/mdiabetes/lib/python3.7/site-packages/torchvision/image.so: undefined symbol: _ZN5torch3jit17parseSchemaOrNameERKNSt7__cxx1112basic_stringIcSt11char_traitsIcESaIcEEE
  warn(f"Failed to load image Python extension: {e}")
/home/abutler9/ailab/environments/mdiabetes/lib/python3.7/site-packages/torch/nn/functional.py:1944: UserWarning: nn.functional.sigmoid is deprecated. Use torch.sigmoid instead.
  warnings.warn("nn.functional.sigmoid is deprecated. Use torch.sigmoid instead.")
/home/abutler9/ailab/environments/mdiabetes/lib/python3.7/site-packages/torchvision/io/image.py:13: UserWarning: Failed to load image Python extension: /gpfs/projects/ailab/abutler9/environments/mdiabetes/lib/python3.7/site-packages/torchvision/image.so: undefined symbol: _ZN5torch3jit17parseSchemaOrNameERKNSt7__cxx1112basic_stringIcSt11char_traitsIcESaIcEEE
  warn(f"Failed to load image Python extension: {e}")
/home/abutler9/ailab/environments/mdiabetes/lib/python3.7/site-packages/torch/nn/functional.py:1944: UserWarning: nn.functional.sigmoid is deprecated. Use torch.sigmoid instead.
  warnings.warn("nn.functional.sigmoid is deprecated. Use torch.sigmoid instead.")
/home/abutler9/ailab/environments/mdiabetes/lib/python3.7/site-packages/torchvision/io/image.py:13: UserWarning: Failed to load image Python extension: /gpfs/projects/ailab/abutler9/environments/mdiabetes/lib/python3.7/site-packages/torchvision/image.so: undefined symbol: _ZN5torch3jit17parseSchemaOrNameERKNSt7__cxx1112basic_stringIcSt11char_traitsIcESaIcEEE
  warn(f"Failed to load image Python extension: {e}")
/home/abutler9/ailab/environments/mdiabetes/lib/python3.7/site-packages/torch/nn/functional.py:1944: UserWarning: nn.functional.sigmoid is deprecated. Use torch.sigmoid instead.
  warnings.warn("nn.functional.sigmoid is deprecated. Use torch.sigmoid instead.")
/home/abutler9/ailab/environments/mdiabetes/lib/python3.7/site-packages/torchvision/io/image.py:13: UserWarning: Failed to load image Python extension: /gpfs/projects/ailab/abutler9/environments/mdiabetes/lib/python3.7/site-packages/torchvision/image.so: undefined symbol: _ZN5torch3jit17parseSchemaOrNameERKNSt7__cxx1112basic_stringIcSt11char_traitsIcESaIcEEE
  warn(f"Failed to load image Python extension: {e}")
/home/abutler9/ailab/environments/mdiabetes/lib/python3.7/site-packages/torch/nn/functional.py:1944: UserWarning: nn.functional.sigmoid is deprecated. Use torch.sigmoid instead.
  warnings.warn("nn.functional.sigmoid is deprecated. Use torch.sigmoid instead.")
/home/abutler9/ailab/environments/mdiabetes/lib/python3.7/site-packages/torchvision/io/image.py:13: UserWarning: Failed to load image Python extension: /gpfs/projects/ailab/abutler9/environments/mdiabetes/lib/python3.7/site-packages/torchvision/image.so: undefined symbol: _ZN5torch3jit17parseSchemaOrNameERKNSt7__cxx1112basic_stringIcSt11char_traitsIcESaIcEEE
  warn(f"Failed to load image Python extension: {e}")
/home/abutler9/ailab/environments/mdiabetes/lib/python3.7/site-packages/torch/nn/functional.py:1944: UserWarning: nn.functional.sigmoid is deprecated. Use torch.sigmoid instead.
  warnings.warn("nn.functional.sigmoid is deprecated. Use torch.sigmoid instead.")
/home/abutler9/ailab/environments/mdiabetes/lib/python3.7/site-packages/torchvision/io/image.py:13: UserWarning: Failed to load image Python extension: /gpfs/projects/ailab/abutler9/environments/mdiabetes/lib/python3.7/site-packages/torchvision/image.so: undefined symbol: _ZN5torch3jit17parseSchemaOrNameERKNSt7__cxx1112basic_stringIcSt11char_traitsIcESaIcEEE
  warn(f"Failed to load image Python extension: {e}")
/home/abutler9/ailab/environments/mdiabetes/lib/python3.7/site-packages/torch/nn/functional.py:1944: UserWarning: nn.functional.sigmoid is deprecated. Use torch.sigmoid instead.
  warnings.warn("nn.functional.sigmoid is deprecated. Use torch.sigmoid instead.")
/home/abutler9/ailab/environments/mdiabetes/lib/python3.7/site-packages/torchvision/io/image.py:13: UserWarning: Failed to load image Python extension: /gpfs/projects/ailab/abutler9/environments/mdiabetes/lib/python3.7/site-packages/torchvision/image.so: undefined symbol: _ZN5torch3jit17parseSchemaOrNameERKNSt7__cxx1112basic_stringIcSt11char_traitsIcESaIcEEE
  warn(f"Failed to load image Python extension: {e}")
/home/abutler9/ailab/environments/mdiabetes/lib/python3.7/site-packages/torch/nn/functional.py:1944: UserWarning: nn.functional.sigmoid is deprecated. Use torch.sigmoid instead.
  warnings.warn("nn.functional.sigmoid is deprecated. Use torch.sigmoid instead.")
/home/abutler9/ailab/environments/mdiabetes/lib/python3.7/site-packages/torchvision/io/image.py:13: UserWarning: Failed to load image Python extension: /gpfs/projects/ailab/abutler9/environments/mdiabetes/lib/python3.7/site-packages/torchvision/image.so: undefined symbol: _ZN5torch3jit17parseSchemaOrNameERKNSt7__cxx1112basic_stringIcSt11char_traitsIcESaIcEEE
  warn(f"Failed to load image Python extension: {e}")
/home/abutler9/ailab/environments/mdiabetes/lib/python3.7/site-packages/torch/nn/functional.py:1944: UserWarning: nn.functional.sigmoid is deprecated. Use torch.sigmoid instead.
  warnings.warn("nn.functional.sigmoid is deprecated. Use torch.sigmoid instead.")
/home/abutler9/ailab/environments/mdiabetes/lib/python3.7/site-packages/torchvision/io/image.py:13: UserWarning: Failed to load image Python extension: /gpfs/projects/ailab/abutler9/environments/mdiabetes/lib/python3.7/site-packages/torchvision/image.so: undefined symbol: _ZN5torch3jit17parseSchemaOrNameERKNSt7__cxx1112basic_stringIcSt11char_traitsIcESaIcEEE
  warn(f"Failed to load image Python extension: {e}")
/home/abutler9/ailab/environments/mdiabetes/lib/python3.7/site-packages/torch/nn/functional.py:1944: UserWarning: nn.functional.sigmoid is deprecated. Use torch.sigmoid instead.
  warnings.warn("nn.functional.sigmoid is deprecated. Use torch.sigmoid instead.")
/home/abutler9/ailab/environments/mdiabetes/lib/python3.7/site-packages/torchvision/io/image.py:13: UserWarning: Failed to load image Python extension: /gpfs/projects/ailab/abutler9/environments/mdiabetes/lib/python3.7/site-packages/torchvision/image.so: undefined symbol: _ZN5torch3jit17parseSchemaOrNameERKNSt7__cxx1112basic_stringIcSt11char_traitsIcESaIcEEE
  warn(f"Failed to load image Python extension: {e}")
/home/abutler9/ailab/environments/mdiabetes/lib/python3.7/site-packages/torch/nn/functional.py:1944: UserWarning: nn.functional.sigmoid is deprecated. Use torch.sigmoid instead.
  warnings.warn("nn.functional.sigmoid is deprecated. Use torch.sigmoid instead.")
/home/abutler9/ailab/environments/mdiabetes/lib/python3.7/site-packages/torchvision/io/image.py:13: UserWarning: Failed to load image Python extension: /gpfs/projects/ailab/abutler9/environments/mdiabetes/lib/python3.7/site-packages/torchvision/image.so: undefined symbol: _ZN5torch3jit17parseSchemaOrNameERKNSt7__cxx1112basic_stringIcSt11char_traitsIcESaIcEEE
  warn(f"Failed to load image Python extension: {e}")
/home/abutler9/ailab/environments/mdiabetes/lib/python3.7/site-packages/torch/nn/functional.py:1944: UserWarning: nn.functional.sigmoid is deprecated. Use torch.sigmoid instead.
  warnings.warn("nn.functional.sigmoid is deprecated. Use torch.sigmoid instead.")
/home/abutler9/ailab/environments/mdiabetes/lib/python3.7/site-packages/torchvision/io/image.py:13: UserWarning: Failed to load image Python extension: /gpfs/projects/ailab/abutler9/environments/mdiabetes/lib/python3.7/site-packages/torchvision/image.so: undefined symbol: _ZN5torch3jit17parseSchemaOrNameERKNSt7__cxx1112basic_stringIcSt11char_traitsIcESaIcEEE
  warn(f"Failed to load image Python extension: {e}")
/home/abutler9/ailab/environments/mdiabetes/lib/python3.7/site-packages/torch/nn/functional.py:1944: UserWarning: nn.functional.sigmoid is deprecated. Use torch.sigmoid instead.
  warnings.warn("nn.functional.sigmoid is deprecated. Use torch.sigmoid instead.")
/home/abutler9/ailab/environments/mdiabetes/lib/python3.7/site-packages/torchvision/io/image.py:13: UserWarning: Failed to load image Python extension: /gpfs/projects/ailab/abutler9/environments/mdiabetes/lib/python3.7/site-packages/torchvision/image.so: undefined symbol: _ZN5torch3jit17parseSchemaOrNameERKNSt7__cxx1112basic_stringIcSt11char_traitsIcESaIcEEE
  warn(f"Failed to load image Python extension: {e}")
/home/abutler9/ailab/environments/mdiabetes/lib/python3.7/site-packages/torch/nn/functional.py:1944: UserWarning: nn.functional.sigmoid is deprecated. Use torch.sigmoid instead.
  warnings.warn("nn.functional.sigmoid is deprecated. Use torch.sigmoid instead.")
/home/abutler9/ailab/environments/mdiabetes/lib/python3.7/site-packages/torchvision/io/image.py:13: UserWarning: Failed to load image Python extension: /gpfs/projects/ailab/abutler9/environments/mdiabetes/lib/python3.7/site-packages/torchvision/image.so: undefined symbol: _ZN5torch3jit17parseSchemaOrNameERKNSt7__cxx1112basic_stringIcSt11char_traitsIcESaIcEEE
  warn(f"Failed to load image Python extension: {e}")
/home/abutler9/ailab/environments/mdiabetes/lib/python3.7/site-packages/torch/nn/functional.py:1944: UserWarning: nn.functional.sigmoid is deprecated. Use torch.sigmoid instead.
  warnings.warn("nn.functional.sigmoid is deprecated. Use torch.sigmoid instead.")
/home/abutler9/ailab/environments/mdiabetes/lib/python3.7/site-packages/torchvision/io/image.py:13: UserWarning: Failed to load image Python extension: /gpfs/projects/ailab/abutler9/environments/mdiabetes/lib/python3.7/site-packages/torchvision/image.so: undefined symbol: _ZN5torch3jit17parseSchemaOrNameERKNSt7__cxx1112basic_stringIcSt11char_traitsIcESaIcEEE
  warn(f"Failed to load image Python extension: {e}")
/home/abutler9/ailab/environments/mdiabetes/lib/python3.7/site-packages/torch/nn/functional.py:1944: UserWarning: nn.functional.sigmoid is deprecated. Use torch.sigmoid instead.
  warnings.warn("nn.functional.sigmoid is deprecated. Use torch.sigmoid instead.")
/home/abutler9/ailab/environments/mdiabetes/lib/python3.7/site-packages/torchvision/io/image.py:13: UserWarning: Failed to load image Python extension: /gpfs/projects/ailab/abutler9/environments/mdiabetes/lib/python3.7/site-packages/torchvision/image.so: undefined symbol: _ZN5torch3jit17parseSchemaOrNameERKNSt7__cxx1112basic_stringIcSt11char_traitsIcESaIcEEE
  warn(f"Failed to load image Python extension: {e}")
/home/abutler9/ailab/environments/mdiabetes/lib/python3.7/site-packages/torch/nn/functional.py:1944: UserWarning: nn.functional.sigmoid is deprecated. Use torch.sigmoid instead.
  warnings.warn("nn.functional.sigmoid is deprecated. Use torch.sigmoid instead.")
/home/abutler9/ailab/environments/mdiabetes/lib/python3.7/site-packages/torchvision/io/image.py:13: UserWarning: Failed to load image Python extension: /gpfs/projects/ailab/abutler9/environments/mdiabetes/lib/python3.7/site-packages/torchvision/image.so: undefined symbol: _ZN5torch3jit17parseSchemaOrNameERKNSt7__cxx1112basic_stringIcSt11char_traitsIcESaIcEEE
  warn(f"Failed to load image Python extension: {e}")
/home/abutler9/ailab/environments/mdiabetes/lib/python3.7/site-packages/torch/nn/functional.py:1944: UserWarning: nn.functional.sigmoid is deprecated. Use torch.sigmoid instead.
  warnings.warn("nn.functional.sigmoid is deprecated. Use torch.sigmoid instead.")
/home/abutler9/ailab/environments/mdiabetes/lib/python3.7/site-packages/torchvision/io/image.py:13: UserWarning: Failed to load image Python extension: /gpfs/projects/ailab/abutler9/environments/mdiabetes/lib/python3.7/site-packages/torchvision/image.so: undefined symbol: _ZN5torch3jit17parseSchemaOrNameERKNSt7__cxx1112basic_stringIcSt11char_traitsIcESaIcEEE
  warn(f"Failed to load image Python extension: {e}")
/home/abutler9/ailab/environments/mdiabetes/lib/python3.7/site-packages/torch/nn/functional.py:1944: UserWarning: nn.functional.sigmoid is deprecated. Use torch.sigmoid instead.
  warnings.warn("nn.functional.sigmoid is deprecated. Use torch.sigmoid instead.")
/home/abutler9/ailab/environments/mdiabetes/lib/python3.7/site-packages/torchvision/io/image.py:13: UserWarning: Failed to load image Python extension: /gpfs/projects/ailab/abutler9/environments/mdiabetes/lib/python3.7/site-packages/torchvision/image.so: undefined symbol: _ZN5torch3jit17parseSchemaOrNameERKNSt7__cxx1112basic_stringIcSt11char_traitsIcESaIcEEE
  warn(f"Failed to load image Python extension: {e}")
/home/abutler9/ailab/environments/mdiabetes/lib/python3.7/site-packages/torch/nn/functional.py:1944: UserWarning: nn.functional.sigmoid is deprecated. Use torch.sigmoid instead.
  warnings.warn("nn.functional.sigmoid is deprecated. Use torch.sigmoid instead.")
