   614 saved_mujoco/Ant-v2/NoContext/lstm/rewards/1Hidden1QLR0.0003ALR0.0003SLR0.001Start10000,100000HS64C20RST-1.csv
   621 saved_mujoco/Ant-v2/NoContext/lstm/rewards/1Hidden2QLR0.0003ALR0.0003SLR0.001Start10000,100000HS64C20RST-1.csv
   629 saved_mujoco/Ant-v2/NoContext/lstm/rewards/1Hidden3QLR0.0003ALR0.0003SLR0.001Start10000,100000HS64C20RST-1.csv
    67 saved_mujoco/Ant-v2/NoContext/lstm/rewards/1Hidden4QLR0.0003ALR0.0003SLR0.001Start10000,100000HS64C20RST-1.csv
   614 saved_mujoco/Ant-v2/NoContext/lstm/rewards/1Hidden5QLR0.0003ALR0.0003SLR0.001Start10000,100000HS64C20RST-1.csv
   597 saved_mujoco/Ant-v2/NoContext/lstm/rewards/2Hidden1QLR0.0003ALR0.0003SLR0.001Start10000,100000HS64C20RST-1.csv
   572 saved_mujoco/Ant-v2/NoContext/lstm/rewards/2Hidden2QLR0.0003ALR0.0003SLR0.001Start10000,100000HS64C20RST-1.csv
    64 saved_mujoco/Ant-v2/NoContext/lstm/rewards/2Hidden3QLR0.0003ALR0.0003SLR0.001Start10000,100000HS64C20RST-1.csv
    73 saved_mujoco/Ant-v2/NoContext/lstm/rewards/2Hidden4QLR0.0003ALR0.0003SLR0.001Start10000,100000HS64C20RST-1.csv
    66 saved_mujoco/Ant-v2/NoContext/lstm/rewards/2Hidden5QLR0.0003ALR0.0003SLR0.001Start10000,100000HS64C20RST-1.csv
    73 saved_mujoco/Ant-v2/NoContext/lstm/rewards/3Hidden1QLR0.0003ALR0.0003SLR0.001Start10000,100000HS64C20RST-1.csv
   622 saved_mujoco/Ant-v2/NoContext/lstm/rewards/3Hidden2QLR0.0003ALR0.0003SLR0.001Start10000,100000HS64C20RST-1.csv
   781 saved_mujoco/Ant-v2/NoContext/lstm/rewards/3Hidden3QLR0.0003ALR0.0003SLR0.001Start10000,100000HS64C20RST-1.csv
   798 saved_mujoco/Ant-v2/NoContext/lstm/rewards/3Hidden4QLR0.0003ALR0.0003SLR0.001Start10000,100000HS64C20RST-1.csv
     8 saved_mujoco/Ant-v2/NoContext/lstm/rewards/3Hidden5QLR0.0003ALR0.0003SLR0.001Start10000,100000HS64C20RST-1.csv
   799 saved_mujoco/HalfCheetah-v2/NoContext/lstm/rewards/1Hidden1QLR0.0003ALR0.0003SLR0.001Start10000,100000HS64C20RST-1.csv
   799 saved_mujoco/HalfCheetah-v2/NoContext/lstm/rewards/1Hidden2QLR0.0003ALR0.0003SLR0.001Start10000,100000HS64C20RST-1.csv
   799 saved_mujoco/HalfCheetah-v2/NoContext/lstm/rewards/1Hidden3QLR0.0003ALR0.0003SLR0.001Start10000,100000HS64C20RST-1.csv
   799 saved_mujoco/HalfCheetah-v2/NoContext/lstm/rewards/1Hidden4QLR0.0003ALR0.0003SLR0.001Start10000,100000HS64C20RST-1.csv
   799 saved_mujoco/HalfCheetah-v2/NoContext/lstm/rewards/1Hidden5QLR0.0003ALR0.0003SLR0.001Start10000,100000HS64C20RST-1.csv
    87 saved_mujoco/HalfCheetah-v2/NoContext/lstm/rewards/2Hidden1QLR0.0003ALR0.0003SLR0.001Start10000,100000HS64C20RST-1.csv
    83 saved_mujoco/HalfCheetah-v2/NoContext/lstm/rewards/2Hidden2QLR0.0003ALR0.0003SLR0.001Start10000,100000HS64C20RST-1.csv
    96 saved_mujoco/HalfCheetah-v2/NoContext/lstm/rewards/2Hidden3QLR0.0003ALR0.0003SLR0.001Start10000,100000HS64C20RST-1.csv
    94 saved_mujoco/HalfCheetah-v2/NoContext/lstm/rewards/2Hidden4QLR0.0003ALR0.0003SLR0.001Start10000,100000HS64C20RST-1.csv
    94 saved_mujoco/HalfCheetah-v2/NoContext/lstm/rewards/2Hidden5QLR0.0003ALR0.0003SLR0.001Start10000,100000HS64C20RST-1.csv
     1 saved_mujoco/HalfCheetah-v2/NoContext/lstm/rewards/3Hidden1QLR0.0003ALR0.0003SLR0.001Start10000,100000HS64C20RST-1.csv
     3 saved_mujoco/HalfCheetah-v2/NoContext/lstm/rewards/3Hidden2QLR0.0003ALR0.0003SLR0.001Start10000,100000HS64C20RST-1.csv
     2 saved_mujoco/HalfCheetah-v2/NoContext/lstm/rewards/3Hidden3QLR0.0003ALR0.0003SLR0.001Start10000,100000HS64C20RST-1.csv
     2 saved_mujoco/HalfCheetah-v2/NoContext/lstm/rewards/3Hidden4QLR0.0003ALR0.0003SLR0.001Start10000,100000HS64C20RST-1.csv
     2 saved_mujoco/HalfCheetah-v2/NoContext/lstm/rewards/3Hidden5QLR0.0003ALR0.0003SLR0.001Start10000,100000HS64C20RST-1.csv
   202 saved_mujoco/Hopper-v2/NoContext/lstm/rewards/1Hidden1QLR0.0003ALR0.0003SLR0.001Start10000,100000HS64C20RST-1.csv
   700 saved_mujoco/Hopper-v2/NoContext/lstm/rewards/1Hidden2QLR0.0003ALR0.0003SLR0.001Start10000,100000HS64C20RST-1.csv
    61 saved_mujoco/Hopper-v2/NoContext/lstm/rewards/1Hidden3QLR0.0003ALR0.0003SLR0.001Start10000,100000HS64C20RST-1.csv
    66 saved_mujoco/Hopper-v2/NoContext/lstm/rewards/1Hidden4QLR0.0003ALR0.0003SLR0.001Start10000,100000HS64C20RST-1.csv
    66 saved_mujoco/Hopper-v2/NoContext/lstm/rewards/1Hidden5QLR0.0003ALR0.0003SLR0.001Start10000,100000HS64C20RST-1.csv
   774 saved_mujoco/Hopper-v2/NoContext/lstm/rewards/2Hidden1QLR0.0003ALR0.0003SLR0.001Start10000,100000HS64C20RST-1.csv
     1 saved_mujoco/Hopper-v2/NoContext/lstm/rewards/2Hidden2QLR0.0003ALR0.0003SLR0.001Start10000,100000HS64C20RST-1.csv
    71 saved_mujoco/Hopper-v2/NoContext/lstm/rewards/2Hidden3QLR0.0003ALR0.0003SLR0.001Start10000,100000HS64C20RST-1.csv
     4 saved_mujoco/Hopper-v2/NoContext/lstm/rewards/2Hidden4QLR0.0003ALR0.0003SLR0.001Start10000,100000HS64C20RST-1.csv
    20 saved_mujoco/Hopper-v2/NoContext/lstm/rewards/3Hidden2QLR0.0003ALR0.0003SLR0.001Start10000,100000HS64C20RST-1.csv
    19 saved_mujoco/Hopper-v2/NoContext/lstm/rewards/3Hidden3QLR0.0003ALR0.0003SLR0.001Start10000,100000HS64C20RST-1.csv
    20 saved_mujoco/Hopper-v2/NoContext/lstm/rewards/3Hidden4QLR0.0003ALR0.0003SLR0.001Start10000,100000HS64C20RST-1.csv
    20 saved_mujoco/Hopper-v2/NoContext/lstm/rewards/3Hidden5QLR0.0003ALR0.0003SLR0.001Start10000,100000HS64C20RST-1.csv
     9 saved_mujoco/Humanoid-v2/NoContext/lstm/rewards/1Hidden1QLR0.0003ALR0.0003SLR0.001Start10000,100000HS64C20RST-1.csv
    22 saved_mujoco/Humanoid-v2/NoContext/lstm/rewards/1Hidden2QLR0.0003ALR0.0003SLR0.001Start10000,100000HS64C20RST-1.csv
     9 saved_mujoco/Humanoid-v2/NoContext/lstm/rewards/1Hidden3QLR0.0003ALR0.0003SLR0.001Start10000,100000HS64C20RST-1.csv
     1 saved_mujoco/Humanoid-v2/NoContext/lstm/rewards/1Hidden4QLR0.0003ALR0.0003SLR0.001Start10000,100000HS64C20RST-1.csv
    28 saved_mujoco/Humanoid-v2/NoContext/lstm/rewards/1Hidden5QLR0.0003ALR0.0003SLR0.001Start10000,100000HS64C20RST-1.csv
    21 saved_mujoco/Humanoid-v2/NoContext/lstm/rewards/2Hidden2QLR0.0003ALR0.0003SLR0.001Start10000,100000HS64C20RST-1.csv
    33 saved_mujoco/Humanoid-v2/NoContext/lstm/rewards/2Hidden3QLR0.0003ALR0.0003SLR0.001Start10000,100000HS64C20RST-1.csv
    12 saved_mujoco/Humanoid-v2/NoContext/lstm/rewards/2Hidden4QLR0.0003ALR0.0003SLR0.001Start10000,100000HS64C20RST-1.csv
    29 saved_mujoco/Humanoid-v2/NoContext/lstm/rewards/2Hidden5QLR0.0003ALR0.0003SLR0.001Start10000,100000HS64C20RST-1.csv
    28 saved_mujoco/Humanoid-v2/NoContext/lstm/rewards/3Hidden1QLR0.0003ALR0.0003SLR0.001Start10000,100000HS64C20RST-1.csv
   448 saved_mujoco/Humanoid-v2/NoContext/lstm/rewards/3Hidden2QLR0.0003ALR0.0003SLR0.001Start10000,100000HS64C20RST-1.csv
   189 saved_mujoco/Humanoid-v2/NoContext/lstm/rewards/3Hidden3QLR0.0003ALR0.0003SLR0.001Start10000,100000HS64C20RST-1.csv
   150 saved_mujoco/Humanoid-v2/NoContext/lstm/rewards/3Hidden4QLR0.0003ALR0.0003SLR0.001Start10000,100000HS64C20RST-1.csv
   148 saved_mujoco/Humanoid-v2/NoContext/lstm/rewards/3Hidden5QLR0.0003ALR0.0003SLR0.001Start10000,100000HS64C20RST-1.csv
    64 saved_mujoco/Walker2d-v2/NoContext/lstm/rewards/1Hidden1QLR0.0003ALR0.0003SLR0.001Start10000,100000HS64C20RST-1.csv
    59 saved_mujoco/Walker2d-v2/NoContext/lstm/rewards/1Hidden2QLR0.0003ALR0.0003SLR0.001Start10000,100000HS64C20RST-1.csv
    57 saved_mujoco/Walker2d-v2/NoContext/lstm/rewards/1Hidden3QLR0.0003ALR0.0003SLR0.001Start10000,100000HS64C20RST-1.csv
    73 saved_mujoco/Walker2d-v2/NoContext/lstm/rewards/1Hidden4QLR0.0003ALR0.0003SLR0.001Start10000,100000HS64C20RST-1.csv
    62 saved_mujoco/Walker2d-v2/NoContext/lstm/rewards/1Hidden5QLR0.0003ALR0.0003SLR0.001Start10000,100000HS64C20RST-1.csv
    19 saved_mujoco/Walker2d-v2/NoContext/lstm/rewards/2Hidden1QLR0.0003ALR0.0003SLR0.001Start10000,100000HS64C20RST-1.csv
    11 saved_mujoco/Walker2d-v2/NoContext/lstm/rewards/2Hidden2QLR0.0003ALR0.0003SLR0.001Start10000,100000HS64C20RST-1.csv
     7 saved_mujoco/Walker2d-v2/NoContext/lstm/rewards/2Hidden4QLR0.0003ALR0.0003SLR0.001Start10000,100000HS64C20RST-1.csv
     4 saved_mujoco/Walker2d-v2/NoContext/lstm/rewards/2Hidden5QLR0.0003ALR0.0003SLR0.001Start10000,100000HS64C20RST-1.csv
   597 saved_mujoco/Walker2d-v2/NoContext/lstm/rewards/3Hidden1QLR0.0003ALR0.0003SLR0.001Start10000,100000HS64C20RST-1.csv
    21 saved_mujoco/Walker2d-v2/NoContext/lstm/rewards/3Hidden2QLR0.0003ALR0.0003SLR0.001Start10000,100000HS64C20RST-1.csv
   666 saved_mujoco/Walker2d-v2/NoContext/lstm/rewards/3Hidden3QLR0.0003ALR0.0003SLR0.001Start10000,100000HS64C20RST-1.csv
   292 saved_mujoco/Walker2d-v2/NoContext/lstm/rewards/3Hidden4QLR0.0003ALR0.0003SLR0.001Start10000,100000HS64C20RST-1.csv
   323 saved_mujoco/Walker2d-v2/NoContext/lstm/rewards/3Hidden5QLR0.0003ALR0.0003SLR0.001Start10000,100000HS64C20RST-1.csv
 16064 total
