   343 saved_mujoco/Ant-v2/NoContext/lstm/rewards/1Hidden1QLR0.0003ALR0.0003SLR0.001Start10000,100000HS64C20RST-1.csv
   348 saved_mujoco/Ant-v2/NoContext/lstm/rewards/1Hidden2QLR0.0003ALR0.0003SLR0.001Start10000,100000HS64C20RST-1.csv
   344 saved_mujoco/Ant-v2/NoContext/lstm/rewards/1Hidden3QLR0.0003ALR0.0003SLR0.001Start10000,100000HS64C20RST-1.csv
    67 saved_mujoco/Ant-v2/NoContext/lstm/rewards/1Hidden4QLR0.0003ALR0.0003SLR0.001Start10000,100000HS64C20RST-1.csv
   345 saved_mujoco/Ant-v2/NoContext/lstm/rewards/1Hidden5QLR0.0003ALR0.0003SLR0.001Start10000,100000HS64C20RST-1.csv
   354 saved_mujoco/Ant-v2/NoContext/lstm/rewards/2Hidden1QLR0.0003ALR0.0003SLR0.001Start10000,100000HS64C20RST-1.csv
   334 saved_mujoco/Ant-v2/NoContext/lstm/rewards/2Hidden2QLR0.0003ALR0.0003SLR0.001Start10000,100000HS64C20RST-1.csv
    64 saved_mujoco/Ant-v2/NoContext/lstm/rewards/2Hidden3QLR0.0003ALR0.0003SLR0.001Start10000,100000HS64C20RST-1.csv
    73 saved_mujoco/Ant-v2/NoContext/lstm/rewards/2Hidden4QLR0.0003ALR0.0003SLR0.001Start10000,100000HS64C20RST-1.csv
    66 saved_mujoco/Ant-v2/NoContext/lstm/rewards/2Hidden5QLR0.0003ALR0.0003SLR0.001Start10000,100000HS64C20RST-1.csv
    73 saved_mujoco/Ant-v2/NoContext/lstm/rewards/3Hidden1QLR0.0003ALR0.0003SLR0.001Start10000,100000HS64C20RST-1.csv
   343 saved_mujoco/Ant-v2/NoContext/lstm/rewards/3Hidden2QLR0.0003ALR0.0003SLR0.001Start10000,100000HS64C20RST-1.csv
   367 saved_mujoco/Ant-v2/NoContext/lstm/rewards/3Hidden3QLR0.0003ALR0.0003SLR0.001Start10000,100000HS64C20RST-1.csv
   397 saved_mujoco/Ant-v2/NoContext/lstm/rewards/3Hidden4QLR0.0003ALR0.0003SLR0.001Start10000,100000HS64C20RST-1.csv
     8 saved_mujoco/Ant-v2/NoContext/lstm/rewards/3Hidden5QLR0.0003ALR0.0003SLR0.001Start10000,100000HS64C20RST-1.csv
   522 saved_mujoco/HalfCheetah-v2/NoContext/lstm/rewards/1Hidden1QLR0.0003ALR0.0003SLR0.001Start10000,100000HS64C20RST-1.csv
   446 saved_mujoco/HalfCheetah-v2/NoContext/lstm/rewards/1Hidden2QLR0.0003ALR0.0003SLR0.001Start10000,100000HS64C20RST-1.csv
   475 saved_mujoco/HalfCheetah-v2/NoContext/lstm/rewards/1Hidden3QLR0.0003ALR0.0003SLR0.001Start10000,100000HS64C20RST-1.csv
   475 saved_mujoco/HalfCheetah-v2/NoContext/lstm/rewards/1Hidden4QLR0.0003ALR0.0003SLR0.001Start10000,100000HS64C20RST-1.csv
   474 saved_mujoco/HalfCheetah-v2/NoContext/lstm/rewards/1Hidden5QLR0.0003ALR0.0003SLR0.001Start10000,100000HS64C20RST-1.csv
    87 saved_mujoco/HalfCheetah-v2/NoContext/lstm/rewards/2Hidden1QLR0.0003ALR0.0003SLR0.001Start10000,100000HS64C20RST-1.csv
    83 saved_mujoco/HalfCheetah-v2/NoContext/lstm/rewards/2Hidden2QLR0.0003ALR0.0003SLR0.001Start10000,100000HS64C20RST-1.csv
    96 saved_mujoco/HalfCheetah-v2/NoContext/lstm/rewards/2Hidden3QLR0.0003ALR0.0003SLR0.001Start10000,100000HS64C20RST-1.csv
    94 saved_mujoco/HalfCheetah-v2/NoContext/lstm/rewards/2Hidden4QLR0.0003ALR0.0003SLR0.001Start10000,100000HS64C20RST-1.csv
    94 saved_mujoco/HalfCheetah-v2/NoContext/lstm/rewards/2Hidden5QLR0.0003ALR0.0003SLR0.001Start10000,100000HS64C20RST-1.csv
     1 saved_mujoco/HalfCheetah-v2/NoContext/lstm/rewards/3Hidden1QLR0.0003ALR0.0003SLR0.001Start10000,100000HS64C20RST-1.csv
     3 saved_mujoco/HalfCheetah-v2/NoContext/lstm/rewards/3Hidden2QLR0.0003ALR0.0003SLR0.001Start10000,100000HS64C20RST-1.csv
     2 saved_mujoco/HalfCheetah-v2/NoContext/lstm/rewards/3Hidden3QLR0.0003ALR0.0003SLR0.001Start10000,100000HS64C20RST-1.csv
     2 saved_mujoco/HalfCheetah-v2/NoContext/lstm/rewards/3Hidden4QLR0.0003ALR0.0003SLR0.001Start10000,100000HS64C20RST-1.csv
     2 saved_mujoco/HalfCheetah-v2/NoContext/lstm/rewards/3Hidden5QLR0.0003ALR0.0003SLR0.001Start10000,100000HS64C20RST-1.csv
     9 saved_mujoco/Humanoid-v2/NoContext/lstm/rewards/1Hidden1QLR0.0003ALR0.0003SLR0.001Start10000,100000HS64C20RST-1.csv
    22 saved_mujoco/Humanoid-v2/NoContext/lstm/rewards/1Hidden2QLR0.0003ALR0.0003SLR0.001Start10000,100000HS64C20RST-1.csv
     9 saved_mujoco/Humanoid-v2/NoContext/lstm/rewards/1Hidden3QLR0.0003ALR0.0003SLR0.001Start10000,100000HS64C20RST-1.csv
     1 saved_mujoco/Humanoid-v2/NoContext/lstm/rewards/1Hidden4QLR0.0003ALR0.0003SLR0.001Start10000,100000HS64C20RST-1.csv
    28 saved_mujoco/Humanoid-v2/NoContext/lstm/rewards/1Hidden5QLR0.0003ALR0.0003SLR0.001Start10000,100000HS64C20RST-1.csv
    21 saved_mujoco/Humanoid-v2/NoContext/lstm/rewards/2Hidden2QLR0.0003ALR0.0003SLR0.001Start10000,100000HS64C20RST-1.csv
    33 saved_mujoco/Humanoid-v2/NoContext/lstm/rewards/2Hidden3QLR0.0003ALR0.0003SLR0.001Start10000,100000HS64C20RST-1.csv
    12 saved_mujoco/Humanoid-v2/NoContext/lstm/rewards/2Hidden4QLR0.0003ALR0.0003SLR0.001Start10000,100000HS64C20RST-1.csv
    29 saved_mujoco/Humanoid-v2/NoContext/lstm/rewards/2Hidden5QLR0.0003ALR0.0003SLR0.001Start10000,100000HS64C20RST-1.csv
    28 saved_mujoco/Humanoid-v2/NoContext/lstm/rewards/3Hidden1QLR0.0003ALR0.0003SLR0.001Start10000,100000HS64C20RST-1.csv
  6574 total
